Server running on 3000
GET /clients/devco/view.html?id=0d2b8382
GET /clients/devco/components.js
GET /clients/devco/devco-logo.png
POST /webhook/devcoBackend
[dotenv@17.2.3] injecting env (0) from .env -- tip: ⚙️  enable debug logging with { debug: true }
Devco Backend - Received body: {
  "action": "getEstimateById",
  "payload": {
    "id": "0d2b8382"
  }
}
POST /webhook/devcoBackend
Devco Backend - Received body: {
  "action": "getCatalogueItems",
  "payload": {
    "type": "estimateLineItemsLabor"
  }
}
POST /webhook/devcoBackend
Devco Backend - Received body: {
  "action": "getCatalogueItems",
  "payload": {
    "type": "equipment"
  }
}
POST /webhook/devcoBackend
Devco Backend - Received body: {
  "action": "getCatalogueItems",
  "payload": {
    "type": "material"
  }
}
POST /webhook/devcoBackend
Devco Backend - Received body: {
  "action": "getCatalogueItems",
  "payload": {
    "type": "miscellaneous"
  }
}
POST /webhook/devcoBackend
Devco Backend - Received body: {
  "action": "getCatalogueItems",
  "payload": {
    "type": "overhead"
  }
}
getEstimateById - Service fields: {
  id: '0d2b8382',
  directionalDrilling: false,
  excavationBackfill: false,
  hydroExcavation: false,
  potholingCoring: false,
  asphaltConcrete: false
}
POST /webhook/devcoBackend
Devco Backend - Received body: {
  "action": "getCatalogueItems",
  "payload": {
    "type": "disposal"
  }
}
POST /webhook/devcoBackend
Devco Backend - Received body: {
  "action": "getCatalogueItems",
  "payload": {
    "type": "subcontractor"
  }
}
POST /webhook/devcoBackend
Devco Backend - Received body: {
  "action": "getCatalogueItems",
  "payload": {
    "type": "constant"
  }
}
getEstimateById - Fetched Miscellaneous: {
  count: 1,
  ids: [ new ObjectId('693f71ec24b5eeb72fbc0332') ],
  sample: {
    _id: new ObjectId('693f71ec24b5eeb72fbc0332'),
    item: 'Conduit Special',
    classification: '-',
    quantity: 250,
    uom: 'Foot',
    cost: 6,
    createdAt: 2025-12-14T23:00:48.603Z,
    updatedAt: 2025-12-14T23:00:48.603Z,
    estimateId: '0d2b8382',
    __v: 0
  }
}
getEstimateById - Miscellaneous being attached: {
  fromDB: 1,
  firstId: new ObjectId('693f71ec24b5eeb72fbc0332'),
  estimateEmbedded: undefined,
  estimateEmbeddedId: undefined
}
POST /webhook/devcoBackend
Devco Backend - Received body: {
  "action": "getEstimatesByProposal",
  "payload": {
    "proposalNo": "25-0291"
  }
}
POST /webhook/devcoBackend
Devco Backend - Received body: {
  "action": "updateEstimate",
  "payload": {
    "id": "0d2b8382",
    "_id": "0d2b8382",
    "__v": 0,
    "asphaltConcrete": false,
    "bidMarkUp": "30.00%",
    "createdAt": "2025-12-13T20:35:20.241Z",
    "customerId": "e0c83c1a",
    "customerName": "Sierra West Electric",
    "date": "6/16/2025",
    "directionalDrilling": false,
    "estimate": "25-0291-V.1",
    "excavationBackfill": false,
    "fringe": "Light Commercial",
    "hydroExcavation": false,
    "potholingCoring": false,
    "proposalNo": "25-0291",
    "updatedAt": "2025-12-15T02:26:56.506Z",
    "grandTotal": 81059.68,
    "margin": 18706.079999999998,
    "subTotal": 62353.6,
    "labor": [
      {
        "_id": "693f71ec24b5eeb72fbc032b",
        "estimateId": "0d2b8382",
        "labor": "Laborer-Light Commercial",
        "classification": "Laborer",
        "subClassification": "",
        "fringe": "Light Commercial",
        "basePay": 50,
        "quantity": 4,
        "days": 8,
        "otPd": 2,
        "wCompPercent": 12,
        "payrollTaxesPercent": 16,
        "createdAt": "2025-12-13T22:31:57.789Z",
        "updatedAt": "2025-12-13T22:31:57.789Z",
        "__v": 0
      }
    ],
    "equipment": [
      {
        "_id": "693f71ec24b5eeb72fbc032d",
        "classification": "Excavation & Backfill",
        "subClassification": "Mini-Ex & Backhoe W/ Attachments",
        "equipmentMachine": "10,000 - 14,000 lbs Mini Ex",
        "uom": "Weekly",
        "supplier": "-",
        "cost": 0,
        "dailyCost": 495,
        "weeklyCost": 1295,
        "monthlyCost": 2850,
        "quantity": 1,
        "quantityOfTime": 0,
        "fuelAdditiveCost": 0,
        "createdAt": "2025-12-14T20:08:12.707Z",
        "updatedAt": "2025-12-14T20:12:38.092Z",
        "estimateId": "0d2b8382",
        "__v": 0
      },
      {
        "_id": "693f71ec24b5eeb72fbc032e",
        "classification": "Excavation & Backfill",
        "subClassification": "Skid Steer W/ Attachments",
        "equipmentMachine": "Skid Steer 1500-2000Lbs",
        "uom": "Weekly",
        "supplier": "H&E",
        "cost": 0,
        "dailyCost": 415,
        "weeklyCost": 1205,
        "monthlyCost": 2875,
        "quantity": 1,
        "quantityOfTime": 0,
        "fuelAdditiveCost": 0,
        "createdAt": "2025-12-14T20:17:02.449Z",
        "updatedAt": "2025-12-14T20:17:02.449Z",
        "estimateId": "0d2b8382",
        "__v": 0
      }
    ],
    "material": [
      {
        "_id": "693f71ec24b5eeb72fbc0322",
        "classification": "Electrical Materials",
        "subClassification": "Pullbox & Handhole",
        "material": "Christy Concrete 17 x 30 Lid Marked \"Communications\" W/HD holes",
        "uom": "Each",
        "supplier": "-",
        "cost": 112,
        "quantity": 15,
        "taxes": 7.8,
        "createdAt": "2025-12-14T20:58:24.144Z",
        "updatedAt": "2025-12-14T20:58:24.144Z",
        "estimateId": "0d2b8382",
        "__v": 0
      },
      {
        "_id": "693f71ec24b5eeb72fbc0323",
        "classification": "Pipe & Sweeps",
        "subClassification": "Fiberglass Riser Bends",
        "material": "5\" - 48 Degree Riser Bends",
        "uom": "Foot",
        "supplier": "Cal Duct",
        "cost": 305,
        "quantity": 8,
        "taxes": 7.8,
        "createdAt": "2025-12-14T20:56:47.524Z",
        "updatedAt": "2025-12-14T20:56:47.524Z",
        "estimateId": "0d2b8382",
        "__v": 0
      },
      {
        "_id": "693f71ec24b5eeb72fbc0324",
        "classification": "Pipe & Sweeps",
        "subClassification": "PVC Conduit",
        "material": "PVC Pipe 3' x 20' sch40 Bell end",
        "uom": "Foot",
        "supplier": "-",
        "cost": 4.04,
        "quantity": 40,
        "taxes": 7.8,
        "createdAt": "2025-12-14T20:57:05.162Z",
        "updatedAt": "2025-12-14T20:57:05.162Z",
        "estimateId": "0d2b8382",
        "__v": 0
      },
      {
        "_id": "693f71ec24b5eeb72fbc0325",
        "classification": "Restoration Material",
        "subClassification": "Asphalt",
        "material": "Asphalt",
        "uom": "-",
        "supplier": "-",
        "cost": 7500,
        "quantity": 1,
        "taxes": 7.8,
        "createdAt": "2025-12-14T20:57:20.164Z",
        "updatedAt": "2025-12-14T20:57:20.164Z",
        "estimateId": "0d2b8382",
        "__v": 0
      },
      {
        "_id": "693f71ec24b5eeb72fbc0326",
        "classification": "Restoration Material",
        "subClassification": "Concrete",
        "material": "Concrete",
        "uom": "-",
        "supplier": "-",
        "cost": 10000,
        "quantity": 1,
        "taxes": 7.8,
        "createdAt": "2025-12-14T20:58:03.730Z",
        "updatedAt": "2025-12-14T20:58:03.731Z",
        "estimateId": "0d2b8382",
        "__v": 0
      },
      {
        "_id": "693f71ec24b5eeb72fbc0327",
        "classification": "Restoration Material",
        "subClassification": "Sand & Slurry",
        "uom": "-",
        "supplier": "-",
        "cost": 6000,
        "quantity": 1,
        "taxes": 7.8,
        "createdAt": "2025-12-15T01:55:17.928Z",
        "updatedAt": "2025-12-15T01:55:17.928Z",
        "estimateId": "0d2b8382",
        "__v": 0
      }
    ],
    "tools": [],
    "overhead": [
      {
        "_id": "693f71eb24b5eeb72fbc0320",
        "classification": "Overhead",
        "subClassification": "-",
        "overhead": "Devco Overhead",
        "days": 8,
        "hours": 64,
        "hourlyRate": 150,
        "dailyRate": 1200,
        "createdAt": "2025-12-14T20:47:54.108Z",
        "updatedAt": "2025-12-14T20:47:54.108Z",
        "estimateId": "0d2b8382",
        "__v": 0
      }
    ],
    "subcontractor": [
      {
        "_id": "693f71ec24b5eeb72fbc0329",
        "classification": "Private Locator",
        "subClassification": "",
        "subcontractor": "",
        "cost": 1500,
        "createdAt": "2025-12-15T02:22:29.953Z",
        "updatedAt": "2025-12-15T02:22:29.953Z",
        "estimateId": "0d2b8382",
        "__v": 0,
        "uom": "Each",
        "quantity": 1,
        "total": 1500
      }
    ],
    "disposal": [
      {
        "_id": "693f71ec24b5eeb72fbc0330",
        "classification": "Excavation Spoils Haul Off",
        "subClassification": "-",
        "disposalAndHaulOff": "Dirt Haul Off",
        "uom": "Per Truck",
        "quantity": 4,
        "cost": 700,
        "createdAt": "2025-12-14T22:57:01.544Z",
        "updatedAt": "2025-12-14T22:57:01.544Z",
        "estimateId": "0d2b8382",
        "__v": 0
      }
    ],
    "miscellaneous": [
      {
        "_id": "693f71ec24b5eeb72fbc0332",
        "item": "Conduit Special",
        "classification": "-",
        "quantity": 250,
        "uom": "Foot",
        "cost": 6,
        "createdAt": "2025-12-14T23:00:48.603Z",
        "updatedAt": "2025-12-14T23:00:48.603Z",
        "estimateId": "0d2b8382",
        "__v": 0
      }
    ]
  }
}
updateEstimate - Update data being saved: {
  updatedAt: 2025-12-15T02:29:14.338Z,
  estimate: '25-0291-V.1',
  date: '6/16/2025',
  customerId: 'e0c83c1a',
  customerName: 'Sierra West Electric',
  proposalNo: '25-0291',
  bidMarkUp: '30.00%',
  directionalDrilling: false,
  excavationBackfill: false,
  hydroExcavation: false,
  potholingCoring: false,
  asphaltConcrete: false,
  fringe: 'Light Commercial',
  subTotal: 62353.6,
  margin: 18706.079999999998,
  grandTotal: 81059.68
}
updateEstimate - Result from MongoDB: {
  directionalDrilling: false,
  excavationBackfill: false,
  hydroExcavation: false,
  potholingCoring: false,
  asphaltConcrete: false
}
updateAppSheet: Using provided line items for calculation
Devco Backend - Sending to AppSheet: {
  "Action": "Edit",
  "Properties": {
    "Locale": "en-US",
    "Timezone": "Pacific Standard Time"
  },
  "Rows": [
    {
      "Record_Id": "0d2b8382",
      "Estimate #": "25-0291-V.1",
      "Date": "6/16/2025",
      "Customer": "e0c83c1a",
      "Proposal No": "25-0291",
      "Bid Mark UP Percentage": "30.00%",
      "Directional Drilling": "N",
      "Excavation & Backfill": "N",
      "Hydro-excavation": "N",
      "Potholing & Coring": "N",
      "Asphalt & Concrete": "N",
      "Fringe": "Light Commercial",
      "Labor": "26272.00",
      "Equipment": "2500.00",
      "Material": "27781.60",
      "Tools": "0.00",
      "Overhead": "0.00",
      "Subcontractor": "1500.00",
      "Disposal": "2800.00",
      "Miscellaneous": "1500.00",
      "subTotal": "62353.60",
      "margin": "18706.08",
      "grandTotal": "81059.68"
    }
  ]
}
Devco Backend - AppSheet response: {
  Rows: [
    {
      _RowNumber: '28',
      Record_Id: '0d2b8382',
      'Estimate #': '25-0291-V.1',
      Date: '06/16/2025',
      Customer: 'e0c83c1a',
      'Proposal No': '25-0291',
      'Bid Mark UP Percentage': '0.3',
      'Directional Drilling': 'N',
      'Excavation & Backfill': 'N',
      'Hydro-excavation': 'N',
      'Potholing & Coring': 'N',
      'Asphalt & Concrete': 'N',
      Fringe: 'Light Commercial',
      Labor: '26272',
      Equipment: '2500',
      Material: '27781.6',
      Tools: '0',
      Overhead: '0',
      Subcontractor: '1500',
      Disposal: '2800',
      Miscellaneous: '1500',
      subTotal: '62353.6',
      margin: '18706.08',
      grandTotal: '81059.68',
      Update: '2',
      'Estimate PDF': '',
      'Labor Estimate LineItems': '4666ede9',
      Actions: '',
      'Total Labor': '',
      'Total Equipment': '',
      'Equipment Estimate LineItems': '867dc542 , 2232bade',
      'Total Estimate Amount': '97923.23',
      'Material Estimate LineItems': '745ef335 , a8c0cb07 , e4f06cb4 , 64843426 , 5ecbdc32 , cbc388af',
      'Total Material': '',
      'Tools Estimate LineItems': '',
      'Total Tools': '',
      'Total LineItems Amount': '75325.56',
      'Focus View': 'Focus View',
      'Subcontractor Estimate LineItems': 'f5fc7e3f',
      'Disposal Estimate Lineitems': '44c40a28',
      'Overhead Estimate Lineitems': 'c9586439',
      'Total Subcontractors': '',
      'Total Disposal': '',
      'Total Overheads': '',
      'Bid Mark UP Amount VC': '22597.67',
      'Total Miscellaneous': '',
      'Miscellaneous Estimate Lineitems': '9e89d8d7'
    }
  ]
}
Devco Backend - Updated estimate: 0d2b8382
POST /webhook/devcoBackend
Devco Backend - Received body: {
  "action": "getEstimateById",
  "payload": {
    "id": "0d2b8382"
  }
}
getEstimateById - Service fields: {
  id: '0d2b8382',
  directionalDrilling: false,
  excavationBackfill: false,
  hydroExcavation: false,
  potholingCoring: false,
  asphaltConcrete: false
}
getEstimateById - Fetched Miscellaneous: {
  count: 1,
  ids: [ new ObjectId('693f727ad87fc2f75a800779') ],
  sample: {
    _id: new ObjectId('693f727ad87fc2f75a800779'),
    item: 'Conduit Special',
    classification: '-',
    quantity: 250,
    uom: 'Foot',
    cost: 6,
    createdAt: 2025-12-14T23:00:48.603Z,
    updatedAt: 2025-12-14T23:00:48.603Z,
    estimateId: '0d2b8382',
    __v: 0
  }
}
getEstimateById - Miscellaneous being attached: {
  fromDB: 1,
  firstId: new ObjectId('693f727ad87fc2f75a800779'),
  estimateEmbedded: undefined,
  estimateEmbeddedId: undefined
}
POST /webhook/devcoBackend
Devco Backend - Received body: {
  "action": "getEstimatesByProposal",
  "payload": {
    "proposalNo": "25-0291"
  }
}
GET /clients/devco/view.html?id=0d2b8382
GET /clients/devco/devco-logo.png
GET /clients/devco/components.js
POST /webhook/devcoBackend
Devco Backend - Received body: {
  "action": "getEstimateById",
  "payload": {
    "id": "0d2b8382"
  }
}
POST /webhook/devcoBackend
Devco Backend - Received body: {
  "action": "getCatalogueItems",
  "payload": {
    "type": "estimateLineItemsLabor"
  }
}
POST /webhook/devcoBackend
Devco Backend - Received body: {
  "action": "getCatalogueItems",
  "payload": {
    "type": "equipment"
  }
}
POST /webhook/devcoBackend
Devco Backend - Received body: {
  "action": "getCatalogueItems",
  "payload": {
    "type": "material"
  }
}
POST /webhook/devcoBackend
Devco Backend - Received body: {
  "action": "getCatalogueItems",
  "payload": {
    "type": "miscellaneous"
  }
}
POST /webhook/devcoBackend
Devco Backend - Received body: {
  "action": "getCatalogueItems",
  "payload": {
    "type": "overhead"
  }
}
getEstimateById - Service fields: {
  id: '0d2b8382',
  directionalDrilling: false,
  excavationBackfill: false,
  hydroExcavation: false,
  potholingCoring: false,
  asphaltConcrete: false
}
POST /webhook/devcoBackend
Devco Backend - Received body: {
  "action": "getCatalogueItems",
  "payload": {
    "type": "disposal"
  }
}
POST /webhook/devcoBackend
Devco Backend - Received body: {
  "action": "getCatalogueItems",
  "payload": {
    "type": "subcontractor"
  }
}
POST /webhook/devcoBackend
Devco Backend - Received body: {
  "action": "getCatalogueItems",
  "payload": {
    "type": "constant"
  }
}
getEstimateById - Fetched Miscellaneous: {
  count: 1,
  ids: [ new ObjectId('693f727ad87fc2f75a800779') ],
  sample: {
    _id: new ObjectId('693f727ad87fc2f75a800779'),
    item: 'Conduit Special',
    classification: '-',
    quantity: 250,
    uom: 'Foot',
    cost: 6,
    createdAt: 2025-12-14T23:00:48.603Z,
    updatedAt: 2025-12-14T23:00:48.603Z,
    estimateId: '0d2b8382',
    __v: 0
  }
}
getEstimateById - Miscellaneous being attached: {
  fromDB: 1,
  firstId: new ObjectId('693f727ad87fc2f75a800779'),
  estimateEmbedded: undefined,
  estimateEmbeddedId: undefined
}
POST /webhook/devcoBackend
Devco Backend - Received body: {
  "action": "getEstimatesByProposal",
  "payload": {
    "proposalNo": "25-0291"
  }
}
GET /clients/devco/view.html?id=0d2b8382
GET /clients/devco/components.js
GET /clients/devco/devco-logo.png
POST /webhook/devcoBackend
Devco Backend - Received body: {
  "action": "getEstimateById",
  "payload": {
    "id": "0d2b8382"
  }
}
POST /webhook/devcoBackend
Devco Backend - Received body: {
  "action": "getCatalogueItems",
  "payload": {
    "type": "estimateLineItemsLabor"
  }
}
POST /webhook/devcoBackend
Devco Backend - Received body: {
  "action": "getCatalogueItems",
  "payload": {
    "type": "equipment"
  }
}
POST /webhook/devcoBackend
Devco Backend - Received body: {
  "action": "getCatalogueItems",
  "payload": {
    "type": "material"
  }
}
POST /webhook/devcoBackend
Devco Backend - Received body: {
  "action": "getCatalogueItems",
  "payload": {
    "type": "miscellaneous"
  }
}
POST /webhook/devcoBackend
Devco Backend - Received body: {
  "action": "getCatalogueItems",
  "payload": {
    "type": "overhead"
  }
}
getEstimateById - Service fields: {
  id: '0d2b8382',
  directionalDrilling: false,
  excavationBackfill: false,
  hydroExcavation: false,
  potholingCoring: false,
  asphaltConcrete: false
}
POST /webhook/devcoBackend
Devco Backend - Received body: {
  "action": "getCatalogueItems",
  "payload": {
    "type": "disposal"
  }
}
POST /webhook/devcoBackend
Devco Backend - Received body: {
  "action": "getCatalogueItems",
  "payload": {
    "type": "subcontractor"
  }
}
POST /webhook/devcoBackend
Devco Backend - Received body: {
  "action": "getCatalogueItems",
  "payload": {
    "type": "constant"
  }
}
getEstimateById - Fetched Miscellaneous: {
  count: 1,
  ids: [ new ObjectId('693f727ad87fc2f75a800779') ],
  sample: {
    _id: new ObjectId('693f727ad87fc2f75a800779'),
    item: 'Conduit Special',
    classification: '-',
    quantity: 250,
    uom: 'Foot',
    cost: 6,
    createdAt: 2025-12-14T23:00:48.603Z,
    updatedAt: 2025-12-14T23:00:48.603Z,
    estimateId: '0d2b8382',
    __v: 0
  }
}
getEstimateById - Miscellaneous being attached: {
  fromDB: 1,
  firstId: new ObjectId('693f727ad87fc2f75a800779'),
  estimateEmbedded: undefined,
  estimateEmbeddedId: undefined
}
POST /webhook/devcoBackend
Devco Backend - Received body: {
  "action": "getEstimatesByProposal",
  "payload": {
    "proposalNo": "25-0291"
  }
}
GET /clients/devco/view.html?id=0d2b8382
GET /clients/devco/components.js
GET /clients/devco/devco-logo.png
POST /webhook/devcoBackend
Devco Backend - Received body: {
  "action": "getEstimateById",
  "payload": {
    "id": "0d2b8382"
  }
}
POST /webhook/devcoBackend
Devco Backend - Received body: {
  "action": "getCatalogueItems",
  "payload": {
    "type": "estimateLineItemsLabor"
  }
}
POST /webhook/devcoBackend
Devco Backend - Received body: {
  "action": "getCatalogueItems",
  "payload": {
    "type": "equipment"
  }
}
POST /webhook/devcoBackend
Devco Backend - Received body: {
  "action": "getCatalogueItems",
  "payload": {
    "type": "material"
  }
}
POST /webhook/devcoBackend
Devco Backend - Received body: {
  "action": "getCatalogueItems",
  "payload": {
    "type": "miscellaneous"
  }
}
POST /webhook/devcoBackend
Devco Backend - Received body: {
  "action": "getCatalogueItems",
  "payload": {
    "type": "overhead"
  }
}
POST /webhook/devcoBackend
Devco Backend - Received body: {
  "action": "getCatalogueItems",
  "payload": {
    "type": "disposal"
  }
}
getEstimateById - Service fields: {
  id: '0d2b8382',
  directionalDrilling: false,
  excavationBackfill: false,
  hydroExcavation: false,
  potholingCoring: false,
  asphaltConcrete: false
}
POST /webhook/devcoBackend
Devco Backend - Received body: {
  "action": "getCatalogueItems",
  "payload": {
    "type": "subcontractor"
  }
}
POST /webhook/devcoBackend
Devco Backend - Received body: {
  "action": "getCatalogueItems",
  "payload": {
    "type": "constant"
  }
}
getEstimateById - Fetched Miscellaneous: {
  count: 1,
  ids: [ new ObjectId('693f727ad87fc2f75a800779') ],
  sample: {
    _id: new ObjectId('693f727ad87fc2f75a800779'),
    item: 'Conduit Special',
    classification: '-',
    quantity: 250,
    uom: 'Foot',
    cost: 6,
    createdAt: 2025-12-14T23:00:48.603Z,
    updatedAt: 2025-12-14T23:00:48.603Z,
    estimateId: '0d2b8382',
    __v: 0
  }
}
getEstimateById - Miscellaneous being attached: {
  fromDB: 1,
  firstId: new ObjectId('693f727ad87fc2f75a800779'),
  estimateEmbedded: undefined,
  estimateEmbeddedId: undefined
}
POST /webhook/devcoBackend
Devco Backend - Received body: {
  "action": "getEstimatesByProposal",
  "payload": {
    "proposalNo": "25-0291"
  }
}
GET /clients/devco/view.html?id=0d2b8382
GET /clients/devco/components.js
GET /clients/devco/devco-logo.png
POST /webhook/devcoBackend
Devco Backend - Received body: {
  "action": "getEstimateById",
  "payload": {
    "id": "0d2b8382"
  }
}
POST /webhook/devcoBackend
Devco Backend - Received body: {
  "action": "getCatalogueItems",
  "payload": {
    "type": "estimateLineItemsLabor"
  }
}
POST /webhook/devcoBackend
Devco Backend - Received body: {
  "action": "getCatalogueItems",
  "payload": {
    "type": "equipment"
  }
}
POST /webhook/devcoBackend
Devco Backend - Received body: {
  "action": "getCatalogueItems",
  "payload": {
    "type": "material"
  }
}
POST /webhook/devcoBackend
Devco Backend - Received body: {
  "action": "getCatalogueItems",
  "payload": {
    "type": "miscellaneous"
  }
}
POST /webhook/devcoBackend
Devco Backend - Received body: {
  "action": "getCatalogueItems",
  "payload": {
    "type": "overhead"
  }
}
getEstimateById - Service fields: {
  id: '0d2b8382',
  directionalDrilling: false,
  excavationBackfill: false,
  hydroExcavation: false,
  potholingCoring: false,
  asphaltConcrete: false
}
POST /webhook/devcoBackend
Devco Backend - Received body: {
  "action": "getCatalogueItems",
  "payload": {
    "type": "disposal"
  }
}
POST /webhook/devcoBackend
Devco Backend - Received body: {
  "action": "getCatalogueItems",
  "payload": {
    "type": "subcontractor"
  }
}
POST /webhook/devcoBackend
Devco Backend - Received body: {
  "action": "getCatalogueItems",
  "payload": {
    "type": "constant"
  }
}
getEstimateById - Fetched Miscellaneous: {
  count: 1,
  ids: [ new ObjectId('693f727ad87fc2f75a800779') ],
  sample: {
    _id: new ObjectId('693f727ad87fc2f75a800779'),
    item: 'Conduit Special',
    classification: '-',
    quantity: 250,
    uom: 'Foot',
    cost: 6,
    createdAt: 2025-12-14T23:00:48.603Z,
    updatedAt: 2025-12-14T23:00:48.603Z,
    estimateId: '0d2b8382',
    __v: 0
  }
}
getEstimateById - Miscellaneous being attached: {
  fromDB: 1,
  firstId: new ObjectId('693f727ad87fc2f75a800779'),
  estimateEmbedded: undefined,
  estimateEmbeddedId: undefined
}
POST /webhook/devcoBackend
Devco Backend - Received body: {
  "action": "getEstimatesByProposal",
  "payload": {
    "proposalNo": "25-0291"
  }
}
GET /clients/devco/view.html?id=0d2b8382
GET /clients/devco/components.js
GET /clients/devco/devco-logo.png
POST /webhook/devcoBackend
Devco Backend - Received body: {
  "action": "getEstimateById",
  "payload": {
    "id": "0d2b8382"
  }
}
POST /webhook/devcoBackend
Devco Backend - Received body: {
  "action": "getCatalogueItems",
  "payload": {
    "type": "estimateLineItemsLabor"
  }
}
POST /webhook/devcoBackend
Devco Backend - Received body: {
  "action": "getCatalogueItems",
  "payload": {
    "type": "equipment"
  }
}
POST /webhook/devcoBackend
Devco Backend - Received body: {
  "action": "getCatalogueItems",
  "payload": {
    "type": "material"
  }
}
POST /webhook/devcoBackend
Devco Backend - Received body: {
  "action": "getCatalogueItems",
  "payload": {
    "type": "miscellaneous"
  }
}
POST /webhook/devcoBackend
Devco Backend - Received body: {
  "action": "getCatalogueItems",
  "payload": {
    "type": "overhead"
  }
}
getEstimateById - Service fields: {
  id: '0d2b8382',
  directionalDrilling: false,
  excavationBackfill: false,
  hydroExcavation: false,
  potholingCoring: false,
  asphaltConcrete: false
}
POST /webhook/devcoBackend
Devco Backend - Received body: {
  "action": "getCatalogueItems",
  "payload": {
    "type": "disposal"
  }
}
POST /webhook/devcoBackend
Devco Backend - Received body: {
  "action": "getCatalogueItems",
  "payload": {
    "type": "subcontractor"
  }
}
POST /webhook/devcoBackend
Devco Backend - Received body: {
  "action": "getCatalogueItems",
  "payload": {
    "type": "constant"
  }
}
getEstimateById - Fetched Miscellaneous: {
  count: 1,
  ids: [ new ObjectId('693f727ad87fc2f75a800779') ],
  sample: {
    _id: new ObjectId('693f727ad87fc2f75a800779'),
    item: 'Conduit Special',
    classification: '-',
    quantity: 250,
    uom: 'Foot',
    cost: 6,
    createdAt: 2025-12-14T23:00:48.603Z,
    updatedAt: 2025-12-14T23:00:48.603Z,
    estimateId: '0d2b8382',
    __v: 0
  }
}
getEstimateById - Miscellaneous being attached: {
  fromDB: 1,
  firstId: new ObjectId('693f727ad87fc2f75a800779'),
  estimateEmbedded: undefined,
  estimateEmbeddedId: undefined
}
POST /webhook/devcoBackend
Devco Backend - Received body: {
  "action": "getEstimatesByProposal",
  "payload": {
    "proposalNo": "25-0291"
  }
}
GET /clients/devco/view.html?id=0d2b8382
GET /clients/devco/components.js
GET /clients/devco/devco-logo.png
POST /webhook/devcoBackend
Devco Backend - Received body: {
  "action": "getEstimateById",
  "payload": {
    "id": "0d2b8382"
  }
}
POST /webhook/devcoBackend
Devco Backend - Received body: {
  "action": "getCatalogueItems",
  "payload": {
    "type": "estimateLineItemsLabor"
  }
}
POST /webhook/devcoBackend
Devco Backend - Received body: {
  "action": "getCatalogueItems",
  "payload": {
    "type": "equipment"
  }
}
POST /webhook/devcoBackend
Devco Backend - Received body: {
  "action": "getCatalogueItems",
  "payload": {
    "type": "material"
  }
}
POST /webhook/devcoBackend
Devco Backend - Received body: {
  "action": "getCatalogueItems",
  "payload": {
    "type": "miscellaneous"
  }
}
POST /webhook/devcoBackend
Devco Backend - Received body: {
  "action": "getCatalogueItems",
  "payload": {
    "type": "overhead"
  }
}
getEstimateById - Service fields: {
  id: '0d2b8382',
  directionalDrilling: false,
  excavationBackfill: false,
  hydroExcavation: false,
  potholingCoring: false,
  asphaltConcrete: false
}
POST /webhook/devcoBackend
Devco Backend - Received body: {
  "action": "getCatalogueItems",
  "payload": {
    "type": "disposal"
  }
}
POST /webhook/devcoBackend
Devco Backend - Received body: {
  "action": "getCatalogueItems",
  "payload": {
    "type": "subcontractor"
  }
}
POST /webhook/devcoBackend
Devco Backend - Received body: {
  "action": "getCatalogueItems",
  "payload": {
    "type": "constant"
  }
}
getEstimateById - Fetched Miscellaneous: {
  count: 1,
  ids: [ new ObjectId('693f727ad87fc2f75a800779') ],
  sample: {
    _id: new ObjectId('693f727ad87fc2f75a800779'),
    item: 'Conduit Special',
    classification: '-',
    quantity: 250,
    uom: 'Foot',
    cost: 6,
    createdAt: 2025-12-14T23:00:48.603Z,
    updatedAt: 2025-12-14T23:00:48.603Z,
    estimateId: '0d2b8382',
    __v: 0
  }
}
getEstimateById - Miscellaneous being attached: {
  fromDB: 1,
  firstId: new ObjectId('693f727ad87fc2f75a800779'),
  estimateEmbedded: undefined,
  estimateEmbeddedId: undefined
}
POST /webhook/devcoBackend
Devco Backend - Received body: {
  "action": "getEstimatesByProposal",
  "payload": {
    "proposalNo": "25-0291"
  }
}
GET /clients/devco/view.html?id=0d2b8382
GET /clients/devco/components.js
GET /clients/devco/devco-logo.png
POST /webhook/devcoBackend
Devco Backend - Received body: {
  "action": "getEstimateById",
  "payload": {
    "id": "0d2b8382"
  }
}
POST /webhook/devcoBackend
Devco Backend - Received body: {
  "action": "getCatalogueItems",
  "payload": {
    "type": "estimateLineItemsLabor"
  }
}
POST /webhook/devcoBackend
Devco Backend - Received body: {
  "action": "getCatalogueItems",
  "payload": {
    "type": "equipment"
  }
}
POST /webhook/devcoBackend
Devco Backend - Received body: {
  "action": "getCatalogueItems",
  "payload": {
    "type": "material"
  }
}
POST /webhook/devcoBackend
Devco Backend - Received body: {
  "action": "getCatalogueItems",
  "payload": {
    "type": "miscellaneous"
  }
}
POST /webhook/devcoBackend
Devco Backend - Received body: {
  "action": "getCatalogueItems",
  "payload": {
    "type": "overhead"
  }
}
getEstimateById - Service fields: {
  id: '0d2b8382',
  directionalDrilling: false,
  excavationBackfill: false,
  hydroExcavation: false,
  potholingCoring: false,
  asphaltConcrete: false
}
POST /webhook/devcoBackend
Devco Backend - Received body: {
  "action": "getCatalogueItems",
  "payload": {
    "type": "disposal"
  }
}
POST /webhook/devcoBackend
Devco Backend - Received body: {
  "action": "getCatalogueItems",
  "payload": {
    "type": "subcontractor"
  }
}
POST /webhook/devcoBackend
Devco Backend - Received body: {
  "action": "getCatalogueItems",
  "payload": {
    "type": "constant"
  }
}
getEstimateById - Fetched Miscellaneous: {
  count: 1,
  ids: [ new ObjectId('693f727ad87fc2f75a800779') ],
  sample: {
    _id: new ObjectId('693f727ad87fc2f75a800779'),
    item: 'Conduit Special',
    classification: '-',
    quantity: 250,
    uom: 'Foot',
    cost: 6,
    createdAt: 2025-12-14T23:00:48.603Z,
    updatedAt: 2025-12-14T23:00:48.603Z,
    estimateId: '0d2b8382',
    __v: 0
  }
}
getEstimateById - Miscellaneous being attached: {
  fromDB: 1,
  firstId: new ObjectId('693f727ad87fc2f75a800779'),
  estimateEmbedded: undefined,
  estimateEmbeddedId: undefined
}
POST /webhook/devcoBackend
Devco Backend - Received body: {
  "action": "getEstimatesByProposal",
  "payload": {
    "proposalNo": "25-0291"
  }
}
GET /clients/devco/view.html?id=0d2b8382
GET /clients/devco/components.js
GET /clients/devco/devco-logo.png
POST /webhook/devcoBackend
Devco Backend - Received body: {
  "action": "getEstimateById",
  "payload": {
    "id": "0d2b8382"
  }
}
POST /webhook/devcoBackend
Devco Backend - Received body: {
  "action": "getCatalogueItems",
  "payload": {
    "type": "estimateLineItemsLabor"
  }
}
POST /webhook/devcoBackend
Devco Backend - Received body: {
  "action": "getCatalogueItems",
  "payload": {
    "type": "equipment"
  }
}
POST /webhook/devcoBackend
Devco Backend - Received body: {
  "action": "getCatalogueItems",
  "payload": {
    "type": "material"
  }
}
POST /webhook/devcoBackend
Devco Backend - Received body: {
  "action": "getCatalogueItems",
  "payload": {
    "type": "miscellaneous"
  }
}
POST /webhook/devcoBackend
Devco Backend - Received body: {
  "action": "getCatalogueItems",
  "payload": {
    "type": "overhead"
  }
}
getEstimateById - Service fields: {
  id: '0d2b8382',
  directionalDrilling: false,
  excavationBackfill: false,
  hydroExcavation: false,
  potholingCoring: false,
  asphaltConcrete: false
}
POST /webhook/devcoBackend
Devco Backend - Received body: {
  "action": "getCatalogueItems",
  "payload": {
    "type": "disposal"
  }
}
POST /webhook/devcoBackend
Devco Backend - Received body: {
  "action": "getCatalogueItems",
  "payload": {
    "type": "subcontractor"
  }
}
POST /webhook/devcoBackend
Devco Backend - Received body: {
  "action": "getCatalogueItems",
  "payload": {
    "type": "constant"
  }
}
getEstimateById - Fetched Miscellaneous: {
  count: 1,
  ids: [ new ObjectId('693f727ad87fc2f75a800779') ],
  sample: {
    _id: new ObjectId('693f727ad87fc2f75a800779'),
    item: 'Conduit Special',
    classification: '-',
    quantity: 250,
    uom: 'Foot',
    cost: 6,
    createdAt: 2025-12-14T23:00:48.603Z,
    updatedAt: 2025-12-14T23:00:48.603Z,
    estimateId: '0d2b8382',
    __v: 0
  }
}
getEstimateById - Miscellaneous being attached: {
  fromDB: 1,
  firstId: new ObjectId('693f727ad87fc2f75a800779'),
  estimateEmbedded: undefined,
  estimateEmbeddedId: undefined
}
POST /webhook/devcoBackend
Devco Backend - Received body: {
  "action": "getEstimatesByProposal",
  "payload": {
    "proposalNo": "25-0291"
  }
}
GET /clients/devco/view.html?id=0d2b8382
GET /clients/devco/components.js
GET /clients/devco/devco-logo.png
POST /webhook/devcoBackend
Devco Backend - Received body: {
  "action": "getEstimateById",
  "payload": {
    "id": "0d2b8382"
  }
}
POST /webhook/devcoBackend
Devco Backend - Received body: {
  "action": "getCatalogueItems",
  "payload": {
    "type": "estimateLineItemsLabor"
  }
}
POST /webhook/devcoBackend
Devco Backend - Received body: {
  "action": "getCatalogueItems",
  "payload": {
    "type": "equipment"
  }
}
POST /webhook/devcoBackend
Devco Backend - Received body: {
  "action": "getCatalogueItems",
  "payload": {
    "type": "material"
  }
}
POST /webhook/devcoBackend
Devco Backend - Received body: {
  "action": "getCatalogueItems",
  "payload": {
    "type": "miscellaneous"
  }
}
POST /webhook/devcoBackend
Devco Backend - Received body: {
  "action": "getCatalogueItems",
  "payload": {
    "type": "overhead"
  }
}
POST /webhook/devcoBackend
Devco Backend - Received body: {
  "action": "getCatalogueItems",
  "payload": {
    "type": "disposal"
  }
}
POST /webhook/devcoBackend
Devco Backend - Received body: {
  "action": "getCatalogueItems",
  "payload": {
    "type": "subcontractor"
  }
}
POST /webhook/devcoBackend
Devco Backend - Received body: {
  "action": "getCatalogueItems",
  "payload": {
    "type": "constant"
  }
}
getEstimateById - Service fields: {
  id: '0d2b8382',
  directionalDrilling: false,
  excavationBackfill: false,
  hydroExcavation: false,
  potholingCoring: false,
  asphaltConcrete: false
}
getEstimateById - Fetched Miscellaneous: {
  count: 1,
  ids: [ new ObjectId('693f727ad87fc2f75a800779') ],
  sample: {
    _id: new ObjectId('693f727ad87fc2f75a800779'),
    item: 'Conduit Special',
    classification: '-',
    quantity: 250,
    uom: 'Foot',
    cost: 6,
    createdAt: 2025-12-14T23:00:48.603Z,
    updatedAt: 2025-12-14T23:00:48.603Z,
    estimateId: '0d2b8382',
    __v: 0
  }
}
getEstimateById - Miscellaneous being attached: {
  fromDB: 1,
  firstId: new ObjectId('693f727ad87fc2f75a800779'),
  estimateEmbedded: undefined,
  estimateEmbeddedId: undefined
}
POST /webhook/devcoBackend
Devco Backend - Received body: {
  "action": "getEstimatesByProposal",
  "payload": {
    "proposalNo": "25-0291"
  }
}
GET /clients/devco/view.html?id=0d2b8382
GET /clients/devco/components.js
GET /clients/devco/devco-logo.png
POST /webhook/devcoBackend
Devco Backend - Received body: {
  "action": "getEstimateById",
  "payload": {
    "id": "0d2b8382"
  }
}
POST /webhook/devcoBackend
Devco Backend - Received body: {
  "action": "getCatalogueItems",
  "payload": {
    "type": "estimateLineItemsLabor"
  }
}
POST /webhook/devcoBackend
Devco Backend - Received body: {
  "action": "getCatalogueItems",
  "payload": {
    "type": "equipment"
  }
}
POST /webhook/devcoBackend
Devco Backend - Received body: {
  "action": "getCatalogueItems",
  "payload": {
    "type": "material"
  }
}
POST /webhook/devcoBackend
Devco Backend - Received body: {
  "action": "getCatalogueItems",
  "payload": {
    "type": "miscellaneous"
  }
}
POST /webhook/devcoBackend
Devco Backend - Received body: {
  "action": "getCatalogueItems",
  "payload": {
    "type": "overhead"
  }
}
POST /webhook/devcoBackend
Devco Backend - Received body: {
  "action": "getCatalogueItems",
  "payload": {
    "type": "disposal"
  }
}
POST /webhook/devcoBackend
Devco Backend - Received body: {
  "action": "getCatalogueItems",
  "payload": {
    "type": "subcontractor"
  }
}
POST /webhook/devcoBackend
Devco Backend - Received body: {
  "action": "getCatalogueItems",
  "payload": {
    "type": "constant"
  }
}
getEstimateById - Service fields: {
  id: '0d2b8382',
  directionalDrilling: false,
  excavationBackfill: false,
  hydroExcavation: false,
  potholingCoring: false,
  asphaltConcrete: false
}
getEstimateById - Fetched Miscellaneous: {
  count: 1,
  ids: [ new ObjectId('693f727ad87fc2f75a800779') ],
  sample: {
    _id: new ObjectId('693f727ad87fc2f75a800779'),
    item: 'Conduit Special',
    classification: '-',
    quantity: 250,
    uom: 'Foot',
    cost: 6,
    createdAt: 2025-12-14T23:00:48.603Z,
    updatedAt: 2025-12-14T23:00:48.603Z,
    estimateId: '0d2b8382',
    __v: 0
  }
}
getEstimateById - Miscellaneous being attached: {
  fromDB: 1,
  firstId: new ObjectId('693f727ad87fc2f75a800779'),
  estimateEmbedded: undefined,
  estimateEmbeddedId: undefined
}
POST /webhook/devcoBackend
Devco Backend - Received body: {
  "action": "getEstimatesByProposal",
  "payload": {
    "proposalNo": "25-0291"
  }
}
GET /clients/devco/view.html?id=0d2b8382
GET /clients/devco/components.js
GET /clients/devco/devco-logo.png
POST /webhook/devcoBackend
Devco Backend - Received body: {
  "action": "getEstimateById",
  "payload": {
    "id": "0d2b8382"
  }
}
POST /webhook/devcoBackend
Devco Backend - Received body: {
  "action": "getCatalogueItems",
  "payload": {
    "type": "estimateLineItemsLabor"
  }
}
POST /webhook/devcoBackend
Devco Backend - Received body: {
  "action": "getCatalogueItems",
  "payload": {
    "type": "equipment"
  }
}
POST /webhook/devcoBackend
Devco Backend - Received body: {
  "action": "getCatalogueItems",
  "payload": {
    "type": "material"
  }
}
POST /webhook/devcoBackend
Devco Backend - Received body: {
  "action": "getCatalogueItems",
  "payload": {
    "type": "miscellaneous"
  }
}
POST /webhook/devcoBackend
Devco Backend - Received body: {
  "action": "getCatalogueItems",
  "payload": {
    "type": "overhead"
  }
}
POST /webhook/devcoBackend
Devco Backend - Received body: {
  "action": "getCatalogueItems",
  "payload": {
    "type": "disposal"
  }
}
POST /webhook/devcoBackend
Devco Backend - Received body: {
  "action": "getCatalogueItems",
  "payload": {
    "type": "subcontractor"
  }
}
POST /webhook/devcoBackend
Devco Backend - Received body: {
  "action": "getCatalogueItems",
  "payload": {
    "type": "constant"
  }
}
getEstimateById - Service fields: {
  id: '0d2b8382',
  directionalDrilling: false,
  excavationBackfill: false,
  hydroExcavation: false,
  potholingCoring: false,
  asphaltConcrete: false
}
getEstimateById - Fetched Miscellaneous: {
  count: 1,
  ids: [ new ObjectId('693f727ad87fc2f75a800779') ],
  sample: {
    _id: new ObjectId('693f727ad87fc2f75a800779'),
    item: 'Conduit Special',
    classification: '-',
    quantity: 250,
    uom: 'Foot',
    cost: 6,
    createdAt: 2025-12-14T23:00:48.603Z,
    updatedAt: 2025-12-14T23:00:48.603Z,
    estimateId: '0d2b8382',
    __v: 0
  }
}
getEstimateById - Miscellaneous being attached: {
  fromDB: 1,
  firstId: new ObjectId('693f727ad87fc2f75a800779'),
  estimateEmbedded: undefined,
  estimateEmbeddedId: undefined
}
POST /webhook/devcoBackend
Devco Backend - Received body: {
  "action": "getEstimatesByProposal",
  "payload": {
    "proposalNo": "25-0291"
  }
}
GET /clients/devco/view.html?id=0d2b8382
GET /clients/devco/components.js
GET /clients/devco/devco-logo.png
POST /webhook/devcoBackend
Devco Backend - Received body: {
  "action": "getEstimateById",
  "payload": {
    "id": "0d2b8382"
  }
}
POST /webhook/devcoBackend
Devco Backend - Received body: {
  "action": "getCatalogueItems",
  "payload": {
    "type": "estimateLineItemsLabor"
  }
}
POST /webhook/devcoBackend
Devco Backend - Received body: {
  "action": "getCatalogueItems",
  "payload": {
    "type": "equipment"
  }
}
POST /webhook/devcoBackend
Devco Backend - Received body: {
  "action": "getCatalogueItems",
  "payload": {
    "type": "material"
  }
}
POST /webhook/devcoBackend
Devco Backend - Received body: {
  "action": "getCatalogueItems",
  "payload": {
    "type": "miscellaneous"
  }
}
POST /webhook/devcoBackend
Devco Backend - Received body: {
  "action": "getCatalogueItems",
  "payload": {
    "type": "overhead"
  }
}
getEstimateById - Service fields: {
  id: '0d2b8382',
  directionalDrilling: false,
  excavationBackfill: false,
  hydroExcavation: false,
  potholingCoring: false,
  asphaltConcrete: false
}
POST /webhook/devcoBackend
Devco Backend - Received body: {
  "action": "getCatalogueItems",
  "payload": {
    "type": "disposal"
  }
}
POST /webhook/devcoBackend
Devco Backend - Received body: {
  "action": "getCatalogueItems",
  "payload": {
    "type": "subcontractor"
  }
}
POST /webhook/devcoBackend
Devco Backend - Received body: {
  "action": "getCatalogueItems",
  "payload": {
    "type": "constant"
  }
}
getEstimateById - Fetched Miscellaneous: {
  count: 1,
  ids: [ new ObjectId('693f727ad87fc2f75a800779') ],
  sample: {
    _id: new ObjectId('693f727ad87fc2f75a800779'),
    item: 'Conduit Special',
    classification: '-',
    quantity: 250,
    uom: 'Foot',
    cost: 6,
    createdAt: 2025-12-14T23:00:48.603Z,
    updatedAt: 2025-12-14T23:00:48.603Z,
    estimateId: '0d2b8382',
    __v: 0
  }
}
getEstimateById - Miscellaneous being attached: {
  fromDB: 1,
  firstId: new ObjectId('693f727ad87fc2f75a800779'),
  estimateEmbedded: undefined,
  estimateEmbeddedId: undefined
}
POST /webhook/devcoBackend
Devco Backend - Received body: {
  "action": "getEstimatesByProposal",
  "payload": {
    "proposalNo": "25-0291"
  }
}
GET /clients/devco/view.html?id=0d2b8382
GET /clients/devco/components.js
GET /clients/devco/devco-logo.png
POST /webhook/devcoBackend
Devco Backend - Received body: {
  "action": "getEstimateById",
  "payload": {
    "id": "0d2b8382"
  }
}
POST /webhook/devcoBackend
Devco Backend - Received body: {
  "action": "getCatalogueItems",
  "payload": {
    "type": "estimateLineItemsLabor"
  }
}
POST /webhook/devcoBackend
Devco Backend - Received body: {
  "action": "getCatalogueItems",
  "payload": {
    "type": "equipment"
  }
}
POST /webhook/devcoBackend
Devco Backend - Received body: {
  "action": "getCatalogueItems",
  "payload": {
    "type": "material"
  }
}
POST /webhook/devcoBackend
Devco Backend - Received body: {
  "action": "getCatalogueItems",
  "payload": {
    "type": "miscellaneous"
  }
}
POST /webhook/devcoBackend
Devco Backend - Received body: {
  "action": "getCatalogueItems",
  "payload": {
    "type": "overhead"
  }
}
getEstimateById - Service fields: {
  id: '0d2b8382',
  directionalDrilling: false,
  excavationBackfill: false,
  hydroExcavation: false,
  potholingCoring: false,
  asphaltConcrete: false
}
POST /webhook/devcoBackend
Devco Backend - Received body: {
  "action": "getCatalogueItems",
  "payload": {
    "type": "disposal"
  }
}
POST /webhook/devcoBackend
Devco Backend - Received body: {
  "action": "getCatalogueItems",
  "payload": {
    "type": "subcontractor"
  }
}
POST /webhook/devcoBackend
Devco Backend - Received body: {
  "action": "getCatalogueItems",
  "payload": {
    "type": "constant"
  }
}
getEstimateById - Fetched Miscellaneous: {
  count: 1,
  ids: [ new ObjectId('693f727ad87fc2f75a800779') ],
  sample: {
    _id: new ObjectId('693f727ad87fc2f75a800779'),
    item: 'Conduit Special',
    classification: '-',
    quantity: 250,
    uom: 'Foot',
    cost: 6,
    createdAt: 2025-12-14T23:00:48.603Z,
    updatedAt: 2025-12-14T23:00:48.603Z,
    estimateId: '0d2b8382',
    __v: 0
  }
}
getEstimateById - Miscellaneous being attached: {
  fromDB: 1,
  firstId: new ObjectId('693f727ad87fc2f75a800779'),
  estimateEmbedded: undefined,
  estimateEmbeddedId: undefined
}
POST /webhook/devcoBackend
Devco Backend - Received body: {
  "action": "getEstimatesByProposal",
  "payload": {
    "proposalNo": "25-0291"
  }
}
POST /webhook/devcoBackend
Devco Backend - Received body: {
  "action": "updateEstimate",
  "payload": {
    "id": "0d2b8382",
    "_id": "0d2b8382",
    "__v": 0,
    "asphaltConcrete": false,
    "bidMarkUp": "30.00%",
    "createdAt": "2025-12-13T20:35:20.241Z",
    "customerId": "e0c83c1a",
    "customerName": "Sierra West Electric",
    "date": "6/16/2025",
    "directionalDrilling": false,
    "estimate": "25-0291-V.1",
    "excavationBackfill": false,
    "fringe": "Light Commercial",
    "hydroExcavation": false,
    "potholingCoring": false,
    "proposalNo": "25-0291",
    "updatedAt": "2025-12-15T02:29:21.715Z",
    "grandTotal": 182466.18,
    "margin": 42107.58,
    "subTotal": 140358.6,
    "labor": [
      {
        "_id": "693f727ad87fc2f75a80076e",
        "estimateId": "0d2b8382",
        "labor": "Laborer-Light Commercial",
        "classification": "Laborer",
        "subClassification": "",
        "fringe": "Light Commercial",
        "basePay": 50,
        "quantity": 4,
        "days": 8,
        "otPd": 2,
        "wCompPercent": 12,
        "payrollTaxesPercent": 16,
        "createdAt": "2025-12-13T22:31:57.789Z",
        "updatedAt": "2025-12-13T22:31:57.789Z",
        "__v": 0
      }
    ],
    "equipment": [
      {
        "_id": "693f727ad87fc2f75a800769",
        "classification": "Excavation & Backfill",
        "subClassification": "Mini-Ex & Backhoe W/ Attachments",
        "equipmentMachine": "10,000 - 14,000 lbs Mini Ex",
        "uom": "Weekly",
        "supplier": "-",
        "cost": 0,
        "dailyCost": 495,
        "weeklyCost": 1295,
        "monthlyCost": 2850,
        "quantity": 1,
        "quantityOfTime": 0,
        "fuelAdditiveCost": 0,
        "createdAt": "2025-12-14T20:08:12.707Z",
        "updatedAt": "2025-12-14T20:12:38.092Z",
        "estimateId": "0d2b8382",
        "__v": 0
      },
      {
        "_id": "693f727ad87fc2f75a80076a",
        "classification": "Excavation & Backfill",
        "subClassification": "Skid Steer W/ Attachments",
        "equipmentMachine": "Skid Steer 1500-2000Lbs",
        "uom": "Weekly",
        "supplier": "H&E",
        "cost": 0,
        "dailyCost": 415,
        "weeklyCost": 1205,
        "monthlyCost": 2875,
        "quantity": 1,
        "quantityOfTime": 0,
        "fuelAdditiveCost": 0,
        "createdAt": "2025-12-14T20:17:02.449Z",
        "updatedAt": "2025-12-14T20:17:02.449Z",
        "estimateId": "0d2b8382",
        "__v": 0,
        "total": 2410,
        "times": 2
      }
    ],
    "material": [
      {
        "_id": "693f727ad87fc2f75a800770",
        "classification": "Electrical Materials",
        "subClassification": "Pullbox & Handhole",
        "material": "Christy Concrete 17 x 30 Lid Marked \"Communications\" W/HD holes",
        "uom": "Each",
        "supplier": "-",
        "cost": 112,
        "quantity": 15,
        "taxes": 7.8,
        "createdAt": "2025-12-14T20:58:24.144Z",
        "updatedAt": "2025-12-14T20:58:24.144Z",
        "estimateId": "0d2b8382",
        "__v": 0
      },
      {
        "_id": "693f727ad87fc2f75a800771",
        "classification": "Pipe & Sweeps",
        "subClassification": "Fiberglass Riser Bends",
        "material": "5\" - 48 Degree Riser Bends",
        "uom": "Foot",
        "supplier": "Cal Duct",
        "cost": 305,
        "quantity": 8,
        "taxes": 7.8,
        "createdAt": "2025-12-14T20:56:47.524Z",
        "updatedAt": "2025-12-14T20:56:47.524Z",
        "estimateId": "0d2b8382",
        "__v": 0
      },
      {
        "_id": "693f727ad87fc2f75a800772",
        "classification": "Pipe & Sweeps",
        "subClassification": "PVC Conduit",
        "material": "PVC Pipe 3' x 20' sch40 Bell end",
        "uom": "Foot",
        "supplier": "-",
        "cost": 4.04,
        "quantity": 40,
        "taxes": 7.8,
        "createdAt": "2025-12-14T20:57:05.162Z",
        "updatedAt": "2025-12-14T20:57:05.162Z",
        "estimateId": "0d2b8382",
        "__v": 0
      },
      {
        "_id": "693f727ad87fc2f75a800773",
        "classification": "Restoration Material",
        "subClassification": "Asphalt",
        "material": "Asphalt",
        "uom": "-",
        "supplier": "-",
        "cost": 7500,
        "quantity": 1,
        "taxes": 7.8,
        "createdAt": "2025-12-14T20:57:20.164Z",
        "updatedAt": "2025-12-14T20:57:20.164Z",
        "estimateId": "0d2b8382",
        "__v": 0
      },
      {
        "_id": "693f727ad87fc2f75a800774",
        "classification": "Restoration Material",
        "subClassification": "Concrete",
        "material": "Concrete",
        "uom": "-",
        "supplier": "-",
        "cost": 10000,
        "quantity": 1,
        "taxes": 7.8,
        "createdAt": "2025-12-14T20:58:03.730Z",
        "updatedAt": "2025-12-14T20:58:03.731Z",
        "estimateId": "0d2b8382",
        "__v": 0
      },
      {
        "_id": "693f727ad87fc2f75a800775",
        "classification": "Restoration Material",
        "subClassification": "Sand & Slurry",
        "uom": "-",
        "supplier": "-",
        "cost": 6000,
        "quantity": 1,
        "taxes": 7.8,
        "createdAt": "2025-12-15T01:55:17.928Z",
        "updatedAt": "2025-12-15T01:55:17.928Z",
        "estimateId": "0d2b8382",
        "__v": 0
      }
    ],
    "tools": [],
    "overhead": [
      {
        "_id": "693f727ad87fc2f75a80076c",
        "classification": "Overhead",
        "subClassification": "-",
        "overhead": "Devco Overhead",
        "days": 8,
        "hours": 64,
        "hourlyRate": 150,
        "dailyRate": 1200,
        "createdAt": "2025-12-14T20:47:54.108Z",
        "updatedAt": "2025-12-14T20:47:54.108Z",
        "estimateId": "0d2b8382",
        "__v": 0
      }
    ],
    "subcontractor": [
      {
        "_id": "693f727ad87fc2f75a80077b",
        "classification": "Private Locator",
        "subClassification": "",
        "subcontractor": "",
        "cost": 1500,
        "quantity": 1,
        "uom": "Each",
        "total": 1500,
        "createdAt": "2025-12-15T02:22:29.953Z",
        "updatedAt": "2025-12-15T02:22:29.953Z",
        "estimateId": "0d2b8382",
        "__v": 0
      }
    ],
    "disposal": [
      {
        "_id": "693f727ad87fc2f75a800777",
        "classification": "Excavation Spoils Haul Off",
        "subClassification": "-",
        "disposalAndHaulOff": "Dirt Haul Off",
        "uom": "Per Truck",
        "quantity": 4,
        "cost": 700,
        "createdAt": "2025-12-14T22:57:01.544Z",
        "updatedAt": "2025-12-14T22:57:01.544Z",
        "estimateId": "0d2b8382",
        "__v": 0
      }
    ],
    "miscellaneous": [
      {
        "_id": "693f727ad87fc2f75a800779",
        "item": "Conduit Special",
        "classification": "-",
        "quantity": 250,
        "uom": "Foot",
        "cost": 6,
        "createdAt": "2025-12-14T23:00:48.603Z",
        "updatedAt": "2025-12-14T23:00:48.603Z",
        "estimateId": "0d2b8382",
        "__v": 0
      }
    ]
  }
}
updateEstimate - Update data being saved: {
  updatedAt: 2025-12-15T02:43:40.714Z,
  estimate: '25-0291-V.1',
  date: '6/16/2025',
  customerId: 'e0c83c1a',
  customerName: 'Sierra West Electric',
  proposalNo: '25-0291',
  bidMarkUp: '30.00%',
  directionalDrilling: false,
  excavationBackfill: false,
  hydroExcavation: false,
  potholingCoring: false,
  asphaltConcrete: false,
  fringe: 'Light Commercial',
  subTotal: 140358.6,
  margin: 42107.58,
  grandTotal: 182466.18
}
updateEstimate - Result from MongoDB: {
  directionalDrilling: false,
  excavationBackfill: false,
  hydroExcavation: false,
  potholingCoring: false,
  asphaltConcrete: false
}
updateAppSheet: Using provided line items for calculation
Devco Backend - Sending to AppSheet: {
  "Action": "Edit",
  "Properties": {
    "Locale": "en-US",
    "Timezone": "Pacific Standard Time"
  },
  "Rows": [
    {
      "Record_Id": "0d2b8382",
      "Estimate #": "25-0291-V.1",
      "Date": "6/16/2025",
      "Customer": "e0c83c1a",
      "Proposal No": "25-0291",
      "Bid Mark UP Percentage": "30.00%",
      "Directional Drilling": "N",
      "Excavation & Backfill": "N",
      "Hydro-excavation": "N",
      "Potholing & Coring": "N",
      "Asphalt & Concrete": "N",
      "Fringe": "Light Commercial",
      "Labor": "26272.00",
      "Equipment": "2500.00",
      "Material": "27781.60",
      "Tools": "0.00",
      "Overhead": "0.00",
      "Subcontractor": "1500.00",
      "Disposal": "2800.00",
      "Miscellaneous": "1500.00",
      "subTotal": "140358.60",
      "margin": "42107.58",
      "grandTotal": "182466.18"
    }
  ]
}
Devco Backend - AppSheet response: {
  Rows: [
    {
      _RowNumber: '28',
      Record_Id: '0d2b8382',
      'Estimate #': '25-0291-V.1',
      Date: '06/16/2025',
      Customer: 'e0c83c1a',
      'Proposal No': '25-0291',
      'Bid Mark UP Percentage': '0.3',
      'Directional Drilling': 'N',
      'Excavation & Backfill': 'N',
      'Hydro-excavation': 'N',
      'Potholing & Coring': 'N',
      'Asphalt & Concrete': 'N',
      Fringe: 'Light Commercial',
      Labor: '26272',
      Equipment: '2500',
      Material: '27781.6',
      Tools: '0',
      Overhead: '0',
      Subcontractor: '1500',
      Disposal: '2800',
      Miscellaneous: '1500',
      subTotal: '140358.6',
      margin: '42107.58',
      grandTotal: '182466.18',
      Update: '2',
      'Estimate PDF': '',
      'Labor Estimate LineItems': '4666ede9',
      Actions: '',
      'Total Labor': '',
      'Total Equipment': '',
      'Equipment Estimate LineItems': '867dc542 , 2232bade',
      'Total Estimate Amount': '97923.23',
      'Material Estimate LineItems': '745ef335 , a8c0cb07 , e4f06cb4 , 64843426 , 5ecbdc32 , cbc388af',
      'Total Material': '',
      'Tools Estimate LineItems': '',
      'Total Tools': '',
      'Total LineItems Amount': '75325.56',
      'Focus View': 'Focus View',
      'Subcontractor Estimate LineItems': 'f5fc7e3f',
      'Disposal Estimate Lineitems': '44c40a28',
      'Overhead Estimate Lineitems': 'c9586439',
      'Total Subcontractors': '',
      'Total Disposal': '',
      'Total Overheads': '',
      'Bid Mark UP Amount VC': '22597.67',
      'Total Miscellaneous': '',
      'Miscellaneous Estimate Lineitems': '9e89d8d7'
    }
  ]
}
Devco Backend - Updated estimate: 0d2b8382
POST /webhook/devcoBackend
Devco Backend - Received body: {
  "action": "getEstimateById",
  "payload": {
    "id": "0d2b8382"
  }
}
getEstimateById - Service fields: {
  id: '0d2b8382',
  directionalDrilling: false,
  excavationBackfill: false,
  hydroExcavation: false,
  potholingCoring: false,
  asphaltConcrete: false
}
getEstimateById - Fetched Miscellaneous: {
  count: 1,
  ids: [ new ObjectId('693f75dcd87fc2f75a80090c') ],
  sample: {
    _id: new ObjectId('693f75dcd87fc2f75a80090c'),
    item: 'Conduit Special',
    classification: '-',
    quantity: 250,
    uom: 'Foot',
    cost: 6,
    createdAt: 2025-12-14T23:00:48.603Z,
    updatedAt: 2025-12-14T23:00:48.603Z,
    estimateId: '0d2b8382',
    __v: 0
  }
}
getEstimateById - Miscellaneous being attached: {
  fromDB: 1,
  firstId: new ObjectId('693f75dcd87fc2f75a80090c'),
  estimateEmbedded: undefined,
  estimateEmbeddedId: undefined
}
POST /webhook/devcoBackend
Devco Backend - Received body: {
  "action": "getEstimatesByProposal",
  "payload": {
    "proposalNo": "25-0291"
  }
}
GET /clients/devco/view.html?id=0d2b8382
GET /clients/devco/components.js
GET /clients/devco/devco-logo.png
POST /webhook/devcoBackend
Devco Backend - Received body: {
  "action": "getEstimateById",
  "payload": {
    "id": "0d2b8382"
  }
}
POST /webhook/devcoBackend
Devco Backend - Received body: {
  "action": "getCatalogueItems",
  "payload": {
    "type": "estimateLineItemsLabor"
  }
}
POST /webhook/devcoBackend
Devco Backend - Received body: {
  "action": "getCatalogueItems",
  "payload": {
    "type": "equipment"
  }
}
POST /webhook/devcoBackend
Devco Backend - Received body: {
  "action": "getCatalogueItems",
  "payload": {
    "type": "material"
  }
}
POST /webhook/devcoBackend
Devco Backend - Received body: {
  "action": "getCatalogueItems",
  "payload": {
    "type": "miscellaneous"
  }
}
POST /webhook/devcoBackend
Devco Backend - Received body: {
  "action": "getCatalogueItems",
  "payload": {
    "type": "overhead"
  }
}
getEstimateById - Service fields: {
  id: '0d2b8382',
  directionalDrilling: false,
  excavationBackfill: false,
  hydroExcavation: false,
  potholingCoring: false,
  asphaltConcrete: false
}
POST /webhook/devcoBackend
Devco Backend - Received body: {
  "action": "getCatalogueItems",
  "payload": {
    "type": "disposal"
  }
}
POST /webhook/devcoBackend
Devco Backend - Received body: {
  "action": "getCatalogueItems",
  "payload": {
    "type": "subcontractor"
  }
}
POST /webhook/devcoBackend
Devco Backend - Received body: {
  "action": "getCatalogueItems",
  "payload": {
    "type": "constant"
  }
}
getEstimateById - Fetched Miscellaneous: {
  count: 1,
  ids: [ new ObjectId('693f75dcd87fc2f75a80090c') ],
  sample: {
    _id: new ObjectId('693f75dcd87fc2f75a80090c'),
    item: 'Conduit Special',
    classification: '-',
    quantity: 250,
    uom: 'Foot',
    cost: 6,
    createdAt: 2025-12-14T23:00:48.603Z,
    updatedAt: 2025-12-14T23:00:48.603Z,
    estimateId: '0d2b8382',
    __v: 0
  }
}
getEstimateById - Miscellaneous being attached: {
  fromDB: 1,
  firstId: new ObjectId('693f75dcd87fc2f75a80090c'),
  estimateEmbedded: undefined,
  estimateEmbeddedId: undefined
}
POST /webhook/devcoBackend
Devco Backend - Received body: {
  "action": "getEstimatesByProposal",
  "payload": {
    "proposalNo": "25-0291"
  }
}
GET /clients/devco/templates.html
GET /clients/devco/components.js
POST /webhook/devcoBackend
Devco Backend - Received body: {
  "action": "getTemplates"
}
GET /clients/devco/estimates.html
GET /clients/devco/components.js
POST /webhook/devcoBackend
Devco Backend - Received body: {
  "action": "getEstimates"
}
GET /clients/devco/view.html?id=0d2b8382
GET /clients/devco/components.js
POST /webhook/devcoBackend
Devco Backend - Received body: {
  "action": "getEstimateById",
  "payload": {
    "id": "0d2b8382"
  }
}
POST /webhook/devcoBackend
Devco Backend - Received body: {
  "action": "getCatalogueItems",
  "payload": {
    "type": "estimateLineItemsLabor"
  }
}
POST /webhook/devcoBackend
Devco Backend - Received body: {
  "action": "getCatalogueItems",
  "payload": {
    "type": "equipment"
  }
}
POST /webhook/devcoBackend
Devco Backend - Received body: {
  "action": "getCatalogueItems",
  "payload": {
    "type": "material"
  }
}
POST /webhook/devcoBackend
Devco Backend - Received body: {
  "action": "getCatalogueItems",
  "payload": {
    "type": "miscellaneous"
  }
}
POST /webhook/devcoBackend
Devco Backend - Received body: {
  "action": "getCatalogueItems",
  "payload": {
    "type": "overhead"
  }
}
getEstimateById - Service fields: {
  id: '0d2b8382',
  directionalDrilling: false,
  excavationBackfill: false,
  hydroExcavation: false,
  potholingCoring: false,
  asphaltConcrete: false
}
POST /webhook/devcoBackend
Devco Backend - Received body: {
  "action": "getCatalogueItems",
  "payload": {
    "type": "disposal"
  }
}
POST /webhook/devcoBackend
Devco Backend - Received body: {
  "action": "getCatalogueItems",
  "payload": {
    "type": "subcontractor"
  }
}
POST /webhook/devcoBackend
Devco Backend - Received body: {
  "action": "getCatalogueItems",
  "payload": {
    "type": "constant"
  }
}
getEstimateById - Fetched Miscellaneous: {
  count: 1,
  ids: [ new ObjectId('693f75dcd87fc2f75a80090c') ],
  sample: {
    _id: new ObjectId('693f75dcd87fc2f75a80090c'),
    item: 'Conduit Special',
    classification: '-',
    quantity: 250,
    uom: 'Foot',
    cost: 6,
    createdAt: 2025-12-14T23:00:48.603Z,
    updatedAt: 2025-12-14T23:00:48.603Z,
    estimateId: '0d2b8382',
    __v: 0
  }
}
getEstimateById - Miscellaneous being attached: {
  fromDB: 1,
  firstId: new ObjectId('693f75dcd87fc2f75a80090c'),
  estimateEmbedded: undefined,
  estimateEmbeddedId: undefined
}
POST /webhook/devcoBackend
Devco Backend - Received body: {
  "action": "getEstimatesByProposal",
  "payload": {
    "proposalNo": "25-0291"
  }
}
GET /clients/devco/view.html?id=0d2b8382
GET /clients/devco/components.js
GET /clients/devco/devco-logo.png
POST /webhook/devcoBackend
Devco Backend - Received body: {
  "action": "getEstimateById",
  "payload": {
    "id": "0d2b8382"
  }
}
POST /webhook/devcoBackend
Devco Backend - Received body: {
  "action": "getCatalogueItems",
  "payload": {
    "type": "estimateLineItemsLabor"
  }
}
POST /webhook/devcoBackend
Devco Backend - Received body: {
  "action": "getCatalogueItems",
  "payload": {
    "type": "equipment"
  }
}
POST /webhook/devcoBackend
Devco Backend - Received body: {
  "action": "getCatalogueItems",
  "payload": {
    "type": "material"
  }
}
POST /webhook/devcoBackend
Devco Backend - Received body: {
  "action": "getCatalogueItems",
  "payload": {
    "type": "miscellaneous"
  }
}
POST /webhook/devcoBackend
Devco Backend - Received body: {
  "action": "getCatalogueItems",
  "payload": {
    "type": "overhead"
  }
}
getEstimateById - Service fields: {
  id: '0d2b8382',
  directionalDrilling: false,
  excavationBackfill: false,
  hydroExcavation: false,
  potholingCoring: false,
  asphaltConcrete: false
}
POST /webhook/devcoBackend
Devco Backend - Received body: {
  "action": "getCatalogueItems",
  "payload": {
    "type": "disposal"
  }
}
POST /webhook/devcoBackend
Devco Backend - Received body: {
  "action": "getCatalogueItems",
  "payload": {
    "type": "subcontractor"
  }
}
POST /webhook/devcoBackend
Devco Backend - Received body: {
  "action": "getCatalogueItems",
  "payload": {
    "type": "constant"
  }
}
getEstimateById - Fetched Miscellaneous: {
  count: 1,
  ids: [ new ObjectId('693f75dcd87fc2f75a80090c') ],
  sample: {
    _id: new ObjectId('693f75dcd87fc2f75a80090c'),
    item: 'Conduit Special',
    classification: '-',
    quantity: 250,
    uom: 'Foot',
    cost: 6,
    createdAt: 2025-12-14T23:00:48.603Z,
    updatedAt: 2025-12-14T23:00:48.603Z,
    estimateId: '0d2b8382',
    __v: 0
  }
}
getEstimateById - Miscellaneous being attached: {
  fromDB: 1,
  firstId: new ObjectId('693f75dcd87fc2f75a80090c'),
  estimateEmbedded: undefined,
  estimateEmbeddedId: undefined
}
POST /webhook/devcoBackend
Devco Backend - Received body: {
  "action": "getEstimatesByProposal",
  "payload": {
    "proposalNo": "25-0291"
  }
}
GET /clients/devco/view.html?id=0d2b8382
GET /clients/devco/components.js
POST /webhook/devcoBackend
Devco Backend - Received body: {
  "action": "getEstimateById",
  "payload": {
    "id": "0d2b8382"
  }
}
POST /webhook/devcoBackend
Devco Backend - Received body: {
  "action": "getCatalogueItems",
  "payload": {
    "type": "estimateLineItemsLabor"
  }
}
POST /webhook/devcoBackend
Devco Backend - Received body: {
  "action": "getCatalogueItems",
  "payload": {
    "type": "equipment"
  }
}
POST /webhook/devcoBackend
Devco Backend - Received body: {
  "action": "getCatalogueItems",
  "payload": {
    "type": "material"
  }
}
POST /webhook/devcoBackend
Devco Backend - Received body: {
  "action": "getCatalogueItems",
  "payload": {
    "type": "miscellaneous"
  }
}
POST /webhook/devcoBackend
Devco Backend - Received body: {
  "action": "getCatalogueItems",
  "payload": {
    "type": "overhead"
  }
}
getEstimateById - Service fields: {
  id: '0d2b8382',
  directionalDrilling: false,
  excavationBackfill: false,
  hydroExcavation: false,
  potholingCoring: false,
  asphaltConcrete: false
}
POST /webhook/devcoBackend
Devco Backend - Received body: {
  "action": "getCatalogueItems",
  "payload": {
    "type": "disposal"
  }
}
POST /webhook/devcoBackend
Devco Backend - Received body: {
  "action": "getCatalogueItems",
  "payload": {
    "type": "subcontractor"
  }
}
POST /webhook/devcoBackend
Devco Backend - Received body: {
  "action": "getCatalogueItems",
  "payload": {
    "type": "constant"
  }
}
getEstimateById - Fetched Miscellaneous: {
  count: 1,
  ids: [ new ObjectId('693f75dcd87fc2f75a80090c') ],
  sample: {
    _id: new ObjectId('693f75dcd87fc2f75a80090c'),
    item: 'Conduit Special',
    classification: '-',
    quantity: 250,
    uom: 'Foot',
    cost: 6,
    createdAt: 2025-12-14T23:00:48.603Z,
    updatedAt: 2025-12-14T23:00:48.603Z,
    estimateId: '0d2b8382',
    __v: 0
  }
}
getEstimateById - Miscellaneous being attached: {
  fromDB: 1,
  firstId: new ObjectId('693f75dcd87fc2f75a80090c'),
  estimateEmbedded: undefined,
  estimateEmbeddedId: undefined
}
POST /webhook/devcoBackend
Devco Backend - Received body: {
  "action": "getEstimatesByProposal",
  "payload": {
    "proposalNo": "25-0291"
  }
}
GET /clients/devco/view.html?id=0d2b8382
GET /clients/devco/components.js
GET /clients/devco/devco-logo.png
POST /webhook/devcoBackend
Devco Backend - Received body: {
  "action": "getEstimateById",
  "payload": {
    "id": "0d2b8382"
  }
}
POST /webhook/devcoBackend
Devco Backend - Received body: {
  "action": "getCatalogueItems",
  "payload": {
    "type": "estimateLineItemsLabor"
  }
}
POST /webhook/devcoBackend
Devco Backend - Received body: {
  "action": "getCatalogueItems",
  "payload": {
    "type": "equipment"
  }
}
POST /webhook/devcoBackend
Devco Backend - Received body: {
  "action": "getCatalogueItems",
  "payload": {
    "type": "material"
  }
}
POST /webhook/devcoBackend
Devco Backend - Received body: {
  "action": "getCatalogueItems",
  "payload": {
    "type": "miscellaneous"
  }
}
POST /webhook/devcoBackend
Devco Backend - Received body: {
  "action": "getCatalogueItems",
  "payload": {
    "type": "overhead"
  }
}
getEstimateById - Service fields: {
  id: '0d2b8382',
  directionalDrilling: false,
  excavationBackfill: false,
  hydroExcavation: false,
  potholingCoring: false,
  asphaltConcrete: false
}
POST /webhook/devcoBackend
Devco Backend - Received body: {
  "action": "getCatalogueItems",
  "payload": {
    "type": "disposal"
  }
}
POST /webhook/devcoBackend
Devco Backend - Received body: {
  "action": "getCatalogueItems",
  "payload": {
    "type": "subcontractor"
  }
}
POST /webhook/devcoBackend
Devco Backend - Received body: {
  "action": "getCatalogueItems",
  "payload": {
    "type": "constant"
  }
}
getEstimateById - Fetched Miscellaneous: {
  count: 1,
  ids: [ new ObjectId('693f75dcd87fc2f75a80090c') ],
  sample: {
    _id: new ObjectId('693f75dcd87fc2f75a80090c'),
    item: 'Conduit Special',
    classification: '-',
    quantity: 250,
    uom: 'Foot',
    cost: 6,
    createdAt: 2025-12-14T23:00:48.603Z,
    updatedAt: 2025-12-14T23:00:48.603Z,
    estimateId: '0d2b8382',
    __v: 0
  }
}
getEstimateById - Miscellaneous being attached: {
  fromDB: 1,
  firstId: new ObjectId('693f75dcd87fc2f75a80090c'),
  estimateEmbedded: undefined,
  estimateEmbeddedId: undefined
}
POST /webhook/devcoBackend
Devco Backend - Received body: {
  "action": "getEstimatesByProposal",
  "payload": {
    "proposalNo": "25-0291"
  }
}
POST /webhook/devcoBackend
Devco Backend - Received body: {
  "action": "updateEstimate",
  "payload": {
    "id": "0d2b8382",
    "_id": "0d2b8382",
    "__v": 0,
    "asphaltConcrete": false,
    "bidMarkUp": "30%",
    "createdAt": "2025-12-13T20:35:20.241Z",
    "customerId": "e0c83c1a",
    "customerName": "Sierra West Electric",
    "date": "6/16/2025",
    "directionalDrilling": false,
    "estimate": "25-0291-V.1",
    "excavationBackfill": false,
    "fringe": "Light Commercial",
    "hydroExcavation": false,
    "potholingCoring": false,
    "proposalNo": "25-0291",
    "updatedAt": "2025-12-15T02:43:47.735Z",
    "grandTotal": 83876.73423999999,
    "margin": 19356.16943999999,
    "subTotal": 64520.5648,
    "labor": [
      {
        "_id": "693f75dcd87fc2f75a8008fa",
        "estimateId": "0d2b8382",
        "labor": "Laborer-Light Commercial",
        "classification": "Laborer",
        "subClassification": "",
        "fringe": "Light Commercial",
        "basePay": 50,
        "quantity": 4,
        "days": 8,
        "otPd": 2,
        "wCompPercent": 12,
        "payrollTaxesPercent": 16,
        "createdAt": "2025-12-13T22:31:57.789Z",
        "updatedAt": "2025-12-13T22:31:57.789Z",
        "__v": 0
      }
    ],
    "equipment": [
      {
        "_id": "693f75dcd87fc2f75a8008fc",
        "classification": "Excavation & Backfill",
        "subClassification": "Mini-Ex & Backhoe W/ Attachments",
        "equipmentMachine": "10,000 - 14,000 lbs Mini Ex",
        "uom": "Weekly",
        "supplier": "-",
        "cost": 0,
        "dailyCost": 495,
        "weeklyCost": 1295,
        "monthlyCost": 2850,
        "quantity": 1,
        "quantityOfTime": 0,
        "fuelAdditiveCost": 0,
        "createdAt": "2025-12-14T20:08:12.707Z",
        "updatedAt": "2025-12-14T20:12:38.092Z",
        "estimateId": "0d2b8382",
        "__v": 0
      },
      {
        "_id": "693f75dcd87fc2f75a8008fd",
        "classification": "Excavation & Backfill",
        "subClassification": "Skid Steer W/ Attachments",
        "equipmentMachine": "Skid Steer 1500-2000Lbs",
        "uom": "Weekly",
        "supplier": "H&E",
        "cost": 0,
        "dailyCost": 415,
        "weeklyCost": 1205,
        "monthlyCost": 2875,
        "quantity": 1,
        "quantityOfTime": 0,
        "fuelAdditiveCost": 0,
        "createdAt": "2025-12-14T20:17:02.449Z",
        "updatedAt": "2025-12-14T20:17:02.449Z",
        "estimateId": "0d2b8382",
        "__v": 0
      }
    ],
    "material": [
      {
        "_id": "693f75dcd87fc2f75a8008ff",
        "classification": "Electrical Materials",
        "subClassification": "Pullbox & Handhole",
        "material": "Christy Concrete 17 x 30 Lid Marked \"Communications\" W/HD holes",
        "uom": "Each",
        "supplier": "-",
        "cost": 112,
        "quantity": 15,
        "taxes": 7.8,
        "createdAt": "2025-12-14T20:58:24.144Z",
        "updatedAt": "2025-12-14T20:58:24.144Z",
        "estimateId": "0d2b8382",
        "__v": 0
      },
      {
        "_id": "693f75dcd87fc2f75a800900",
        "classification": "Pipe & Sweeps",
        "subClassification": "Fiberglass Riser Bends",
        "material": "5\" - 48 Degree Riser Bends",
        "uom": "Foot",
        "supplier": "Cal Duct",
        "cost": 305,
        "quantity": 8,
        "taxes": 7.8,
        "createdAt": "2025-12-14T20:56:47.524Z",
        "updatedAt": "2025-12-14T20:56:47.524Z",
        "estimateId": "0d2b8382",
        "__v": 0
      },
      {
        "_id": "693f75dcd87fc2f75a800901",
        "classification": "Pipe & Sweeps",
        "subClassification": "PVC Conduit",
        "material": "PVC Pipe 3' x 20' sch40 Bell end",
        "uom": "Foot",
        "supplier": "-",
        "cost": 4.04,
        "quantity": 40,
        "taxes": 7.8,
        "createdAt": "2025-12-14T20:57:05.162Z",
        "updatedAt": "2025-12-14T20:57:05.162Z",
        "estimateId": "0d2b8382",
        "__v": 0
      },
      {
        "_id": "693f75dcd87fc2f75a800902",
        "classification": "Restoration Material",
        "subClassification": "Asphalt",
        "material": "Asphalt",
        "uom": "-",
        "supplier": "-",
        "cost": 7500,
        "quantity": 1,
        "taxes": 7.8,
        "createdAt": "2025-12-14T20:57:20.164Z",
        "updatedAt": "2025-12-14T20:57:20.164Z",
        "estimateId": "0d2b8382",
        "__v": 0
      },
      {
        "_id": "693f75dcd87fc2f75a800903",
        "classification": "Restoration Material",
        "subClassification": "Concrete",
        "material": "Concrete",
        "uom": "-",
        "supplier": "-",
        "cost": 10000,
        "quantity": 1,
        "taxes": 7.8,
        "createdAt": "2025-12-14T20:58:03.730Z",
        "updatedAt": "2025-12-14T20:58:03.731Z",
        "estimateId": "0d2b8382",
        "__v": 0
      },
      {
        "_id": "693f75dcd87fc2f75a800904",
        "classification": "Restoration Material",
        "subClassification": "Sand & Slurry",
        "uom": "-",
        "supplier": "-",
        "cost": 6000,
        "quantity": 1,
        "taxes": 7.8,
        "createdAt": "2025-12-15T01:55:17.928Z",
        "updatedAt": "2025-12-15T01:55:17.928Z",
        "estimateId": "0d2b8382",
        "__v": 0
      }
    ],
    "tools": [],
    "overhead": [
      {
        "_id": "693f75dcd87fc2f75a800908",
        "classification": "Overhead",
        "subClassification": "-",
        "overhead": "Devco Overhead",
        "days": 8,
        "hours": 64,
        "hourlyRate": 150,
        "dailyRate": 1200,
        "createdAt": "2025-12-14T20:47:54.108Z",
        "updatedAt": "2025-12-14T20:47:54.108Z",
        "estimateId": "0d2b8382",
        "__v": 0
      }
    ],
    "subcontractor": [
      {
        "_id": "693f75dcd87fc2f75a800906",
        "classification": "Private Locator",
        "subClassification": "",
        "subcontractor": "",
        "cost": 1500,
        "quantity": 1,
        "uom": "Each",
        "total": 1500,
        "createdAt": "2025-12-15T02:22:29.953Z",
        "updatedAt": "2025-12-15T02:22:29.953Z",
        "estimateId": "0d2b8382",
        "__v": 0
      }
    ],
    "disposal": [
      {
        "_id": "693f75dcd87fc2f75a80090a",
        "classification": "Excavation Spoils Haul Off",
        "subClassification": "-",
        "disposalAndHaulOff": "Dirt Haul Off",
        "uom": "Per Truck",
        "quantity": 4,
        "cost": 700,
        "createdAt": "2025-12-14T22:57:01.544Z",
        "updatedAt": "2025-12-14T22:57:01.544Z",
        "estimateId": "0d2b8382",
        "__v": 0
      }
    ],
    "miscellaneous": [
      {
        "_id": "693f75dcd87fc2f75a80090c",
        "item": "Conduit Special",
        "classification": "-",
        "quantity": 250,
        "uom": "Foot",
        "cost": 6,
        "createdAt": "2025-12-14T23:00:48.603Z",
        "updatedAt": "2025-12-14T23:00:48.603Z",
        "estimateId": "0d2b8382",
        "__v": 0
      }
    ]
  }
}
updateEstimate - Update data being saved: {
  updatedAt: 2025-12-15T02:48:29.374Z,
  estimate: '25-0291-V.1',
  date: '6/16/2025',
  customerId: 'e0c83c1a',
  customerName: 'Sierra West Electric',
  proposalNo: '25-0291',
  bidMarkUp: '30%',
  directionalDrilling: false,
  excavationBackfill: false,
  hydroExcavation: false,
  potholingCoring: false,
  asphaltConcrete: false,
  fringe: 'Light Commercial',
  subTotal: 64520.5648,
  margin: 19356.16943999999,
  grandTotal: 83876.73423999999
}
updateEstimate - Result from MongoDB: {
  directionalDrilling: false,
  excavationBackfill: false,
  hydroExcavation: false,
  potholingCoring: false,
  asphaltConcrete: false
}
updateAppSheet: Using provided line items for calculation
Devco Backend - Sending to AppSheet: {
  "Action": "Edit",
  "Properties": {
    "Locale": "en-US",
    "Timezone": "Pacific Standard Time"
  },
  "Rows": [
    {
      "Record_Id": "0d2b8382",
      "Estimate #": "25-0291-V.1",
      "Date": "6/16/2025",
      "Customer": "e0c83c1a",
      "Proposal No": "25-0291",
      "Bid Mark UP Percentage": "30%",
      "Directional Drilling": "N",
      "Excavation & Backfill": "N",
      "Hydro-excavation": "N",
      "Potholing & Coring": "N",
      "Asphalt & Concrete": "N",
      "Fringe": "Light Commercial",
      "Labor": "26272.00",
      "Equipment": "2500.00",
      "Material": "27781.60",
      "Tools": "0.00",
      "Overhead": "0.00",
      "Subcontractor": "1500.00",
      "Disposal": "2800.00",
      "Miscellaneous": "1500.00",
      "subTotal": "64520.56",
      "margin": "19356.17",
      "grandTotal": "83876.73"
    }
  ]
}
Devco Backend - AppSheet response: {
  Rows: [
    {
      _RowNumber: '28',
      Record_Id: '0d2b8382',
      'Estimate #': '25-0291-V.1',
      Date: '06/16/2025',
      Customer: 'e0c83c1a',
      'Proposal No': '25-0291',
      'Bid Mark UP Percentage': '0.3',
      'Directional Drilling': 'N',
      'Excavation & Backfill': 'N',
      'Hydro-excavation': 'N',
      'Potholing & Coring': 'N',
      'Asphalt & Concrete': 'N',
      Fringe: 'Light Commercial',
      Labor: '26272',
      Equipment: '2500',
      Material: '27781.6',
      Tools: '0',
      Overhead: '0',
      Subcontractor: '1500',
      Disposal: '2800',
      Miscellaneous: '1500',
      subTotal: '64520.56',
      margin: '19356.17',
      grandTotal: '83876.73',
      Update: '2',
      'Estimate PDF': '',
      'Labor Estimate LineItems': '4666ede9',
      Actions: '',
      'Total Labor': '',
      'Total Equipment': '',
      'Equipment Estimate LineItems': '867dc542 , 2232bade',
      'Total Estimate Amount': '97923.23',
      'Material Estimate LineItems': '745ef335 , a8c0cb07 , e4f06cb4 , 64843426 , 5ecbdc32 , cbc388af',
      'Total Material': '',
      'Tools Estimate LineItems': '',
      'Total Tools': '',
      'Total LineItems Amount': '75325.56',
      'Focus View': 'Focus View',
      'Subcontractor Estimate LineItems': 'f5fc7e3f',
      'Disposal Estimate Lineitems': '44c40a28',
      'Overhead Estimate Lineitems': 'c9586439',
      'Total Subcontractors': '',
      'Total Disposal': '',
      'Total Overheads': '',
      'Bid Mark UP Amount VC': '22597.67',
      'Total Miscellaneous': '',
      'Miscellaneous Estimate Lineitems': '9e89d8d7'
    }
  ]
}
Devco Backend - Updated estimate: 0d2b8382
POST /webhook/devcoBackend
Devco Backend - Received body: {
  "action": "getEstimateById",
  "payload": {
    "id": "0d2b8382"
  }
}
getEstimateById - Service fields: {
  id: '0d2b8382',
  directionalDrilling: false,
  excavationBackfill: false,
  hydroExcavation: false,
  potholingCoring: false,
  asphaltConcrete: false
}
getEstimateById - Fetched Miscellaneous: {
  count: 1,
  ids: [ new ObjectId('693f76fdd87fc2f75a8009c7') ],
  sample: {
    _id: new ObjectId('693f76fdd87fc2f75a8009c7'),
    item: 'Conduit Special',
    classification: '-',
    quantity: 250,
    uom: 'Foot',
    cost: 6,
    createdAt: 2025-12-14T23:00:48.603Z,
    updatedAt: 2025-12-14T23:00:48.603Z,
    estimateId: '0d2b8382',
    __v: 0
  }
}
getEstimateById - Miscellaneous being attached: {
  fromDB: 1,
  firstId: new ObjectId('693f76fdd87fc2f75a8009c7'),
  estimateEmbedded: undefined,
  estimateEmbeddedId: undefined
}
POST /webhook/devcoBackend
Devco Backend - Received body: {
  "action": "getEstimatesByProposal",
  "payload": {
    "proposalNo": "25-0291"
  }
}
GET /clients/devco/view.html?id=0d2b8382
GET /clients/devco/components.js
GET /clients/devco/devco-logo.png
POST /webhook/devcoBackend
Devco Backend - Received body: {
  "action": "getEstimateById",
  "payload": {
    "id": "0d2b8382"
  }
}
POST /webhook/devcoBackend
Devco Backend - Received body: {
  "action": "getCatalogueItems",
  "payload": {
    "type": "estimateLineItemsLabor"
  }
}
POST /webhook/devcoBackend
Devco Backend - Received body: {
  "action": "getCatalogueItems",
  "payload": {
    "type": "equipment"
  }
}
POST /webhook/devcoBackend
Devco Backend - Received body: {
  "action": "getCatalogueItems",
  "payload": {
    "type": "material"
  }
}
POST /webhook/devcoBackend
Devco Backend - Received body: {
  "action": "getCatalogueItems",
  "payload": {
    "type": "miscellaneous"
  }
}
POST /webhook/devcoBackend
Devco Backend - Received body: {
  "action": "getCatalogueItems",
  "payload": {
    "type": "overhead"
  }
}
POST /webhook/devcoBackend
Devco Backend - Received body: {
  "action": "getCatalogueItems",
  "payload": {
    "type": "disposal"
  }
}
POST /webhook/devcoBackend
Devco Backend - Received body: {
  "action": "getCatalogueItems",
  "payload": {
    "type": "subcontractor"
  }
}
getEstimateById - Service fields: {
  id: '0d2b8382',
  directionalDrilling: false,
  excavationBackfill: false,
  hydroExcavation: false,
  potholingCoring: false,
  asphaltConcrete: false
}
POST /webhook/devcoBackend
Devco Backend - Received body: {
  "action": "getCatalogueItems",
  "payload": {
    "type": "constant"
  }
}
getEstimateById - Fetched Miscellaneous: {
  count: 1,
  ids: [ new ObjectId('693f76fdd87fc2f75a8009c7') ],
  sample: {
    _id: new ObjectId('693f76fdd87fc2f75a8009c7'),
    item: 'Conduit Special',
    classification: '-',
    quantity: 250,
    uom: 'Foot',
    cost: 6,
    createdAt: 2025-12-14T23:00:48.603Z,
    updatedAt: 2025-12-14T23:00:48.603Z,
    estimateId: '0d2b8382',
    __v: 0
  }
}
getEstimateById - Miscellaneous being attached: {
  fromDB: 1,
  firstId: new ObjectId('693f76fdd87fc2f75a8009c7'),
  estimateEmbedded: undefined,
  estimateEmbeddedId: undefined
}
POST /webhook/devcoBackend
Devco Backend - Received body: {
  "action": "getEstimatesByProposal",
  "payload": {
    "proposalNo": "25-0291"
  }
}
GET /clients/devco/view.html?id=0d2b8382
GET /clients/devco/components.js
GET /clients/devco/devco-logo.png
POST /webhook/devcoBackend
Devco Backend - Received body: {
  "action": "getEstimateById",
  "payload": {
    "id": "0d2b8382"
  }
}
POST /webhook/devcoBackend
Devco Backend - Received body: {
  "action": "getCatalogueItems",
  "payload": {
    "type": "estimateLineItemsLabor"
  }
}
POST /webhook/devcoBackend
Devco Backend - Received body: {
  "action": "getCatalogueItems",
  "payload": {
    "type": "equipment"
  }
}
POST /webhook/devcoBackend
Devco Backend - Received body: {
  "action": "getCatalogueItems",
  "payload": {
    "type": "material"
  }
}
POST /webhook/devcoBackend
Devco Backend - Received body: {
  "action": "getCatalogueItems",
  "payload": {
    "type": "miscellaneous"
  }
}
POST /webhook/devcoBackend
Devco Backend - Received body: {
  "action": "getCatalogueItems",
  "payload": {
    "type": "overhead"
  }
}
POST /webhook/devcoBackend
Devco Backend - Received body: {
  "action": "getCatalogueItems",
  "payload": {
    "type": "disposal"
  }
}
getEstimateById - Service fields: {
  id: '0d2b8382',
  directionalDrilling: false,
  excavationBackfill: false,
  hydroExcavation: false,
  potholingCoring: false,
  asphaltConcrete: false
}
POST /webhook/devcoBackend
Devco Backend - Received body: {
  "action": "getCatalogueItems",
  "payload": {
    "type": "subcontractor"
  }
}
POST /webhook/devcoBackend
Devco Backend - Received body: {
  "action": "getCatalogueItems",
  "payload": {
    "type": "constant"
  }
}
getEstimateById - Fetched Miscellaneous: {
  count: 1,
  ids: [ new ObjectId('693f76fdd87fc2f75a8009c7') ],
  sample: {
    _id: new ObjectId('693f76fdd87fc2f75a8009c7'),
    item: 'Conduit Special',
    classification: '-',
    quantity: 250,
    uom: 'Foot',
    cost: 6,
    createdAt: 2025-12-14T23:00:48.603Z,
    updatedAt: 2025-12-14T23:00:48.603Z,
    estimateId: '0d2b8382',
    __v: 0
  }
}
getEstimateById - Miscellaneous being attached: {
  fromDB: 1,
  firstId: new ObjectId('693f76fdd87fc2f75a8009c7'),
  estimateEmbedded: undefined,
  estimateEmbeddedId: undefined
}
POST /webhook/devcoBackend
Devco Backend - Received body: {
  "action": "getEstimatesByProposal",
  "payload": {
    "proposalNo": "25-0291"
  }
}
GET /clients/devco/view.html?id=0d2b8382
GET /clients/devco/components.js
GET /clients/devco/devco-logo.png
POST /webhook/devcoBackend
Devco Backend - Received body: {
  "action": "getEstimateById",
  "payload": {
    "id": "0d2b8382"
  }
}
POST /webhook/devcoBackend
Devco Backend - Received body: {
  "action": "getCatalogueItems",
  "payload": {
    "type": "estimateLineItemsLabor"
  }
}
POST /webhook/devcoBackend
Devco Backend - Received body: {
  "action": "getCatalogueItems",
  "payload": {
    "type": "equipment"
  }
}
POST /webhook/devcoBackend
Devco Backend - Received body: {
  "action": "getCatalogueItems",
  "payload": {
    "type": "material"
  }
}
POST /webhook/devcoBackend
Devco Backend - Received body: {
  "action": "getCatalogueItems",
  "payload": {
    "type": "miscellaneous"
  }
}
POST /webhook/devcoBackend
Devco Backend - Received body: {
  "action": "getCatalogueItems",
  "payload": {
    "type": "overhead"
  }
}
getEstimateById - Service fields: {
  id: '0d2b8382',
  directionalDrilling: false,
  excavationBackfill: false,
  hydroExcavation: false,
  potholingCoring: false,
  asphaltConcrete: false
}
POST /webhook/devcoBackend
Devco Backend - Received body: {
  "action": "getCatalogueItems",
  "payload": {
    "type": "disposal"
  }
}
POST /webhook/devcoBackend
Devco Backend - Received body: {
  "action": "getCatalogueItems",
  "payload": {
    "type": "subcontractor"
  }
}
POST /webhook/devcoBackend
Devco Backend - Received body: {
  "action": "getCatalogueItems",
  "payload": {
    "type": "constant"
  }
}
getEstimateById - Fetched Miscellaneous: {
  count: 1,
  ids: [ new ObjectId('693f76fdd87fc2f75a8009c7') ],
  sample: {
    _id: new ObjectId('693f76fdd87fc2f75a8009c7'),
    item: 'Conduit Special',
    classification: '-',
    quantity: 250,
    uom: 'Foot',
    cost: 6,
    createdAt: 2025-12-14T23:00:48.603Z,
    updatedAt: 2025-12-14T23:00:48.603Z,
    estimateId: '0d2b8382',
    __v: 0
  }
}
getEstimateById - Miscellaneous being attached: {
  fromDB: 1,
  firstId: new ObjectId('693f76fdd87fc2f75a8009c7'),
  estimateEmbedded: undefined,
  estimateEmbeddedId: undefined
}
POST /webhook/devcoBackend
Devco Backend - Received body: {
  "action": "getEstimatesByProposal",
  "payload": {
    "proposalNo": "25-0291"
  }
}
